Popen(['git', 'version'], cwd=/home/slyedoc/code/p/blackbird, stdin=None, shell=False, universal_newlines=False)
[2025-03-27 23:45:32.956] Popen(['git', 'version'], cwd=/home/slyedoc/code/p/blackbird, stdin=None, shell=False, universal_newlines=False)
## ComfyUI-Manager: installing dependencies done.
[2025-03-27 23:45:32.959] ** ComfyUI startup time: 2025-03-27 23:45:32.959
[2025-03-27 23:45:32.959] ** Platform: Linux
[2025-03-27 23:45:32.960] ** Python version: 3.12.3 (main, Feb  4 2025, 14:48:35) [GCC 13.3.0]
[2025-03-27 23:45:32.960] ** Python executable: /home/slyedoc/code/p/ComfyUI/.venv/bin/python
[2025-03-27 23:45:32.960] ** ComfyUI Path: /home/slyedoc/code/p/ComfyUI
[2025-03-27 23:45:32.960] ** ComfyUI Base Folder Path: /home/slyedoc/code/p/ComfyUI
[2025-03-27 23:45:32.960] ** User directory: /home/slyedoc/code/p/blackbird/art/user
[2025-03-27 23:45:32.960] ** ComfyUI-Manager config path: /home/slyedoc/code/p/blackbird/art/user/default/ComfyUI-Manager/config.ini
[2025-03-27 23:45:32.960] ** Log path: /home/slyedoc/code/p/blackbird/art/user/comfyui.log
[2025-03-27 23:45:33.662] 
Prestartup times for custom nodes:
[2025-03-27 23:45:33.662]    0.0 seconds: /home/slyedoc/code/p/ComfyUI/custom_nodes/rgthree-comfy
[2025-03-27 23:45:33.662]    0.0 seconds: /home/slyedoc/code/p/ComfyUI/custom_nodes/comfyui-easy-use
[2025-03-27 23:45:33.662]    1.4 seconds: /home/slyedoc/code/p/ComfyUI/custom_nodes/comfyui-manager
[2025-03-27 23:45:33.662] 
[2025-03-27 23:45:34.305] Checkpoint files will always be loaded safely.
[2025-03-27 23:45:34.568] Total VRAM 10821 MB, total RAM 64080 MB
[2025-03-27 23:45:34.568] pytorch version: 2.6.0+cu124
[2025-03-27 23:45:35.142] xformers version: 0.0.29.post2
[2025-03-27 23:45:35.142] Set vram state to: LOW_VRAM
[2025-03-27 23:45:35.142] Device: cuda:0 NVIDIA GeForce RTX 2080 Ti : cudaMallocAsync
[2025-03-27 23:45:35.284] Using xformers attention
[2025-03-27 23:45:35.580] ComfyUI version: 0.3.26
[2025-03-27 23:45:35.580] Using selector: EpollSelector
[2025-03-27 23:45:35.582] ComfyUI frontend version: 1.12.14
[2025-03-27 23:45:35.582] [Prompt Server] web root: /home/slyedoc/code/p/ComfyUI/.venv/lib/python3.12/site-packages/comfyui_frontend_package/static
[2025-03-27 23:45:35.582] Trying to load custom node /home/slyedoc/code/p/ComfyUI/comfy_extras/nodes_latent.py
[2025-03-27 23:45:35.583] Trying to load custom node /home/slyedoc/code/p/ComfyUI/comfy_extras/nodes_hypernetwork.py
[2025-03-27 23:45:35.583] Trying to load custom node /home/slyedoc/code/p/ComfyUI/comfy_extras/nodes_upscale_model.py
[2025-03-27 23:45:35.603] Trying to load custom node /home/slyedoc/code/p/ComfyUI/comfy_extras/nodes_post_processing.py
[2025-03-27 23:45:35.603] Trying to load custom node /home/slyedoc/code/p/ComfyUI/comfy_extras/nodes_mask.py
[2025-03-27 23:45:35.604] Trying to load custom node /home/slyedoc/code/p/ComfyUI/comfy_extras/nodes_compositing.py
[2025-03-27 23:45:35.604] Trying to load custom node /home/slyedoc/code/p/ComfyUI/comfy_extras/nodes_rebatch.py
[2025-03-27 23:45:35.604] Trying to load custom node /home/slyedoc/code/p/ComfyUI/comfy_extras/nodes_model_merging.py
[2025-03-27 23:45:35.604] Trying to load custom node /home/slyedoc/code/p/ComfyUI/comfy_extras/nodes_tomesd.py
[2025-03-27 23:45:35.604] Trying to load custom node /home/slyedoc/code/p/ComfyUI/comfy_extras/nodes_clip_sdxl.py
[2025-03-27 23:45:35.604] Trying to load custom node /home/slyedoc/code/p/ComfyUI/comfy_extras/nodes_canny.py
[2025-03-27 23:45:35.752] Trying to load custom node /home/slyedoc/code/p/ComfyUI/comfy_extras/nodes_freelunch.py
[2025-03-27 23:45:35.752] Trying to load custom node /home/slyedoc/code/p/ComfyUI/comfy_extras/nodes_custom_sampler.py
[2025-03-27 23:45:35.752] Trying to load custom node /home/slyedoc/code/p/ComfyUI/comfy_extras/nodes_hypertile.py
[2025-03-27 23:45:35.752] Trying to load custom node /home/slyedoc/code/p/ComfyUI/comfy_extras/nodes_model_advanced.py
[2025-03-27 23:45:35.752] Trying to load custom node /home/slyedoc/code/p/ComfyUI/comfy_extras/nodes_model_downscale.py
[2025-03-27 23:45:35.753] Trying to load custom node /home/slyedoc/code/p/ComfyUI/comfy_extras/nodes_images.py
[2025-03-27 23:45:35.753] Trying to load custom node /home/slyedoc/code/p/ComfyUI/comfy_extras/nodes_video_model.py
[2025-03-27 23:45:35.753] Trying to load custom node /home/slyedoc/code/p/ComfyUI/comfy_extras/nodes_sag.py
[2025-03-27 23:45:35.753] Trying to load custom node /home/slyedoc/code/p/ComfyUI/comfy_extras/nodes_perpneg.py
[2025-03-27 23:45:35.753] Trying to load custom node /home/slyedoc/code/p/ComfyUI/comfy_extras/nodes_stable3d.py
[2025-03-27 23:45:35.753] Trying to load custom node /home/slyedoc/code/p/ComfyUI/comfy_extras/nodes_sdupscale.py
[2025-03-27 23:45:35.753] Trying to load custom node /home/slyedoc/code/p/ComfyUI/comfy_extras/nodes_photomaker.py
[2025-03-27 23:45:35.753] Trying to load custom node /home/slyedoc/code/p/ComfyUI/comfy_extras/nodes_pixart.py
[2025-03-27 23:45:35.754] Trying to load custom node /home/slyedoc/code/p/ComfyUI/comfy_extras/nodes_cond.py
[2025-03-27 23:45:35.754] Trying to load custom node /home/slyedoc/code/p/ComfyUI/comfy_extras/nodes_morphology.py
[2025-03-27 23:45:35.754] Trying to load custom node /home/slyedoc/code/p/ComfyUI/comfy_extras/nodes_stable_cascade.py
[2025-03-27 23:45:35.754] Trying to load custom node /home/slyedoc/code/p/ComfyUI/comfy_extras/nodes_differential_diffusion.py
[2025-03-27 23:45:35.754] Trying to load custom node /home/slyedoc/code/p/ComfyUI/comfy_extras/nodes_ip2p.py
[2025-03-27 23:45:35.754] Trying to load custom node /home/slyedoc/code/p/ComfyUI/comfy_extras/nodes_model_merging_model_specific.py
[2025-03-27 23:45:35.754] Trying to load custom node /home/slyedoc/code/p/ComfyUI/comfy_extras/nodes_pag.py
[2025-03-27 23:45:35.754] Trying to load custom node /home/slyedoc/code/p/ComfyUI/comfy_extras/nodes_align_your_steps.py
[2025-03-27 23:45:35.754] Trying to load custom node /home/slyedoc/code/p/ComfyUI/comfy_extras/nodes_attention_multiply.py
[2025-03-27 23:45:35.754] Trying to load custom node /home/slyedoc/code/p/ComfyUI/comfy_extras/nodes_advanced_samplers.py
[2025-03-27 23:45:35.754] Trying to load custom node /home/slyedoc/code/p/ComfyUI/comfy_extras/nodes_webcam.py
[2025-03-27 23:45:35.754] Trying to load custom node /home/slyedoc/code/p/ComfyUI/comfy_extras/nodes_audio.py
[2025-03-27 23:45:35.761] Loading FFmpeg6
[2025-03-27 23:45:35.805] Successfully loaded FFmpeg6
[2025-03-27 23:45:35.818] Trying to load custom node /home/slyedoc/code/p/ComfyUI/comfy_extras/nodes_sd3.py
[2025-03-27 23:45:35.818] Trying to load custom node /home/slyedoc/code/p/ComfyUI/comfy_extras/nodes_gits.py
[2025-03-27 23:45:35.819] Trying to load custom node /home/slyedoc/code/p/ComfyUI/comfy_extras/nodes_controlnet.py
[2025-03-27 23:45:35.819] Trying to load custom node /home/slyedoc/code/p/ComfyUI/comfy_extras/nodes_hunyuan.py
[2025-03-27 23:45:35.819] Trying to load custom node /home/slyedoc/code/p/ComfyUI/comfy_extras/nodes_flux.py
[2025-03-27 23:45:35.819] Trying to load custom node /home/slyedoc/code/p/ComfyUI/comfy_extras/nodes_lora_extract.py
[2025-03-27 23:45:35.820] Trying to load custom node /home/slyedoc/code/p/ComfyUI/comfy_extras/nodes_torch_compile.py
[2025-03-27 23:45:35.820] Trying to load custom node /home/slyedoc/code/p/ComfyUI/comfy_extras/nodes_mochi.py
[2025-03-27 23:45:35.820] Trying to load custom node /home/slyedoc/code/p/ComfyUI/comfy_extras/nodes_slg.py
[2025-03-27 23:45:35.820] Trying to load custom node /home/slyedoc/code/p/ComfyUI/comfy_extras/nodes_mahiro.py
[2025-03-27 23:45:35.820] Trying to load custom node /home/slyedoc/code/p/ComfyUI/comfy_extras/nodes_lt.py
[2025-03-27 23:45:35.820] Trying to load custom node /home/slyedoc/code/p/ComfyUI/comfy_extras/nodes_hooks.py
[2025-03-27 23:45:35.820] Trying to load custom node /home/slyedoc/code/p/ComfyUI/comfy_extras/nodes_load_3d.py
[2025-03-27 23:45:35.820] Trying to load custom node /home/slyedoc/code/p/ComfyUI/comfy_extras/nodes_cosmos.py
[2025-03-27 23:45:35.821] Trying to load custom node /home/slyedoc/code/p/ComfyUI/comfy_extras/nodes_video.py
[2025-03-27 23:45:35.821] Trying to load custom node /home/slyedoc/code/p/ComfyUI/comfy_extras/nodes_lumina2.py
[2025-03-27 23:45:35.821] Trying to load custom node /home/slyedoc/code/p/ComfyUI/comfy_extras/nodes_wan.py
[2025-03-27 23:45:35.821] Trying to load custom node /home/slyedoc/code/p/ComfyUI/custom_nodes/ComfyUI-Hunyuan3DWrapper
[2025-03-27 23:45:36.325] Trying to load custom node /home/slyedoc/code/p/ComfyUI/custom_nodes/rgthree-comfy
[2025-03-27 23:45:36.327] recursive file list on directory /home/slyedoc/code/p/ComfyUI/models/checkpoints
[2025-03-27 23:45:36.327] found 10 files
[2025-03-27 23:45:36.328] 
[2025-03-27 23:45:36.328] [92m[rgthree-comfy] Loaded 42 extraordinary nodes. 🎉[00m
[2025-03-27 23:45:36.328] 
[2025-03-27 23:45:36.328] Trying to load custom node /home/slyedoc/code/p/ComfyUI/custom_nodes/comfyui-easy-use
[2025-03-27 23:45:36.349] recursive file list on directory /home/slyedoc/code/p/ComfyUI/models/loras
[2025-03-27 23:45:36.349] found 6 files
[2025-03-27 23:45:36.349] recursive file list on directory /home/slyedoc/code/p/ComfyUI/models/vae
[2025-03-27 23:45:36.349] found 4 files
[2025-03-27 23:45:36.352] Popen(['git', 'rev-list', 'HEAD', '--'], cwd=/home/slyedoc/code/p/ComfyUI, stdin=None, shell=False, universal_newlines=False)
[2025-03-27 23:45:36.370] [34m[ComfyUI-Easy-Use] server: [0mv1.2.8 [92mLoaded[0m
[2025-03-27 23:45:36.370] [34m[ComfyUI-Easy-Use] web root: [0m/home/slyedoc/code/p/ComfyUI/custom_nodes/comfyui-easy-use/web_version/v2 [92mLoaded[0m
[2025-03-27 23:45:36.370] Trying to load custom node /home/slyedoc/code/p/ComfyUI/custom_nodes/comfyui-impact-pack
[2025-03-27 23:45:36.371] ### Loading: ComfyUI-Impact-Pack (V8.10)
[2025-03-27 23:45:36.384] [Impact Pack] Wildcards loading done.
[2025-03-27 23:45:36.385] Trying to load custom node /home/slyedoc/code/p/ComfyUI/custom_nodes/comfyui-manager
[2025-03-27 23:45:36.388] ### Loading: ComfyUI-Manager (V3.31.8)
[2025-03-27 23:45:36.389] [ComfyUI-Manager] network_mode: public
[2025-03-27 23:45:36.389] Popen(['git', 'rev-list', 'HEAD', '--'], cwd=/home/slyedoc/code/p/ComfyUI, stdin=None, shell=False, universal_newlines=False)
[2025-03-27 23:45:36.402] Popen(['git', 'cat-file', '--batch-check'], cwd=/home/slyedoc/code/p/ComfyUI, stdin=<valid stream>, shell=False, universal_newlines=False)
[2025-03-27 23:45:36.404] Popen(['git', 'cat-file', '--batch'], cwd=/home/slyedoc/code/p/ComfyUI, stdin=<valid stream>, shell=False, universal_newlines=False)
[2025-03-27 23:45:36.406] Popen(['git', 'describe', '--tags'], cwd=/home/slyedoc/code/p/ComfyUI, stdin=None, shell=False, universal_newlines=False)
[2025-03-27 23:45:36.411] ### ComfyUI Version: v0.2.2-624-g3b19fc76 | Released on '2025-03-18'
[2025-03-27 23:45:36.414] Using selector: EpollSelector
[2025-03-27 23:45:36.414] Trying to load custom node /home/slyedoc/code/p/ComfyUI/custom_nodes/websocket_image_save.py
[2025-03-27 23:45:36.414] Trying to load custom node /home/slyedoc/code/p/ComfyUI/custom_nodes/ComfyUI-MVAdapter
[2025-03-27 23:45:36.444] Trying to load custom node /home/slyedoc/code/p/ComfyUI/custom_nodes/ComfyUI-Impact-Subpack
[2025-03-27 23:45:36.444] ### Loading: ComfyUI-Impact-Subpack (V1.2.9)
[2025-03-27 23:45:36.471] matplotlib data path: /home/slyedoc/code/p/ComfyUI/.venv/lib/python3.12/site-packages/matplotlib/mpl-data
[2025-03-27 23:45:36.473] CONFIGDIR=/home/slyedoc/.config/matplotlib
[2025-03-27 23:45:36.473] interactive is False
[2025-03-27 23:45:36.473] platform is linux
[2025-03-27 23:45:36.482] [ComfyUI-Manager] default cache updated: https://raw.githubusercontent.com/ltdrdata/ComfyUI-Manager/main/alter-list.json
[2025-03-27 23:45:36.503] [ComfyUI-Manager] default cache updated: https://raw.githubusercontent.com/ltdrdata/ComfyUI-Manager/main/model-list.json
[2025-03-27 23:45:36.503] CACHEDIR=/home/slyedoc/.cache/matplotlib
[2025-03-27 23:45:36.505] Using fontManager instance from /home/slyedoc/.cache/matplotlib/fontlist-v390.json
[2025-03-27 23:45:36.531] [ComfyUI-Manager] default cache updated: https://raw.githubusercontent.com/ltdrdata/ComfyUI-Manager/main/github-stats.json
[2025-03-27 23:45:36.617] [ComfyUI-Manager] default cache updated: https://raw.githubusercontent.com/ltdrdata/ComfyUI-Manager/main/custom-node-list.json
[2025-03-27 23:45:36.627] [ComfyUI-Manager] default cache updated: https://raw.githubusercontent.com/ltdrdata/ComfyUI-Manager/main/extension-node-map.json
[2025-03-27 23:45:36.628] Popen(['git', 'describe', '--tags'], cwd=/home/slyedoc/code/p/ComfyUI, stdin=None, shell=False, universal_newlines=False)
[2025-03-27 23:45:36.648] [Impact Subpack] ultralytics_bbox: /home/slyedoc/code/p/ComfyUI/models/ultralytics/bbox
[2025-03-27 23:45:36.648] [Impact Subpack] ultralytics_segm: /home/slyedoc/code/p/ComfyUI/models/ultralytics/segm
[2025-03-27 23:45:36.648] Trying to load custom node /home/slyedoc/code/p/ComfyUI/custom_nodes/comfyui-fitsize
[2025-03-27 23:45:36.648] Trying to load custom node /home/slyedoc/code/p/ComfyUI/custom_nodes/ComfyUI-KJNodes
[2025-03-27 23:45:36.651] Total VRAM 10821 MB, total RAM 64080 MB
[2025-03-27 23:45:36.651] pytorch version: 2.6.0+cu124
[2025-03-27 23:45:36.651] xformers version: 0.0.29.post2
[2025-03-27 23:45:36.651] Set vram state to: LOW_VRAM
[2025-03-27 23:45:36.651] Device: cuda:0 NVIDIA GeForce RTX 2080 Ti : cudaMallocAsync
[2025-03-27 23:45:36.654] Trying to load custom node /home/slyedoc/code/p/ComfyUI/custom_nodes/was-node-suite-comfyui
[2025-03-27 23:45:37.111] [34mWAS Node Suite: [0mOpenCV Python FFMPEG support is enabled[0m
[2025-03-27 23:45:37.111] [34mWAS Node Suite [93mWarning: [0m`ffmpeg_bin_path` is not set in `/home/slyedoc/code/p/ComfyUI/custom_nodes/was-node-suite-comfyui/was_suite_config.json` config file. Will attempt to use system ffmpeg binaries if available.[0m
[2025-03-27 23:45:37.419] [34mWAS Node Suite: [0mFinished.[0m [32mLoaded[0m [0m220[0m [32mnodes successfully.[0m
[2025-03-27 23:45:37.419] 
	[3m[93m"Every strike brings me closer to the next home run."[0m[3m - Babe Ruth[0m
[2025-03-27 23:45:37.419] 
[2025-03-27 23:45:37.420] Trying to load custom node /home/slyedoc/code/p/ComfyUI/custom_nodes/comfyui-mxtoolkit
[2025-03-27 23:45:37.420] Trying to load custom node /home/slyedoc/code/p/ComfyUI/custom_nodes/comfyui-detail-daemon
[2025-03-27 23:45:37.420] Trying to load custom node /home/slyedoc/code/p/ComfyUI/custom_nodes/ComfyUI_essentials
[2025-03-27 23:45:37.423] Trying to load custom node /home/slyedoc/code/p/ComfyUI/custom_nodes/ComfyUI_Comfyroll_CustomNodes
[2025-03-27 23:45:37.424] recursive file list on directory /home/slyedoc/code/p/ComfyUI/models/controlnet
[2025-03-27 23:45:37.424] found 2 files
[2025-03-27 23:45:37.429] ------------------------------------------
[2025-03-27 23:45:37.429] [34mComfyroll Studio v1.76 : [92m 175 Nodes Loaded[0m
[2025-03-27 23:45:37.429] ------------------------------------------
[2025-03-27 23:45:37.429] ** For changes, please see patch notes at https://github.com/Suzie1/ComfyUI_Comfyroll_CustomNodes/blob/main/Patch_Notes.md
[2025-03-27 23:45:37.429] ** For help, please see the wiki at https://github.com/Suzie1/ComfyUI_Comfyroll_CustomNodes/wiki
[2025-03-27 23:45:37.429] ------------------------------------------
[2025-03-27 23:45:37.429] Trying to load custom node /home/slyedoc/code/p/ComfyUI/custom_nodes/comfyui-tooling-nodes
[2025-03-27 23:45:37.431] 
Import times for custom nodes:
[2025-03-27 23:45:37.431]    0.0 seconds: /home/slyedoc/code/p/ComfyUI/custom_nodes/websocket_image_save.py
[2025-03-27 23:45:37.431]    0.0 seconds: /home/slyedoc/code/p/ComfyUI/custom_nodes/comfyui-detail-daemon
[2025-03-27 23:45:37.431]    0.0 seconds: /home/slyedoc/code/p/ComfyUI/custom_nodes/comfyui-mxtoolkit
[2025-03-27 23:45:37.431]    0.0 seconds: /home/slyedoc/code/p/ComfyUI/custom_nodes/comfyui-fitsize
[2025-03-27 23:45:37.431]    0.0 seconds: /home/slyedoc/code/p/ComfyUI/custom_nodes/comfyui-tooling-nodes
[2025-03-27 23:45:37.431]    0.0 seconds: /home/slyedoc/code/p/ComfyUI/custom_nodes/ComfyUI_essentials
[2025-03-27 23:45:37.431]    0.0 seconds: /home/slyedoc/code/p/ComfyUI/custom_nodes/rgthree-comfy
[2025-03-27 23:45:37.431]    0.0 seconds: /home/slyedoc/code/p/ComfyUI/custom_nodes/ComfyUI-KJNodes
[2025-03-27 23:45:37.431]    0.0 seconds: /home/slyedoc/code/p/ComfyUI/custom_nodes/ComfyUI_Comfyroll_CustomNodes
[2025-03-27 23:45:37.431]    0.0 seconds: /home/slyedoc/code/p/ComfyUI/custom_nodes/comfyui-impact-pack
[2025-03-27 23:45:37.431]    0.0 seconds: /home/slyedoc/code/p/ComfyUI/custom_nodes/ComfyUI-MVAdapter
[2025-03-27 23:45:37.431]    0.0 seconds: /home/slyedoc/code/p/ComfyUI/custom_nodes/comfyui-manager
[2025-03-27 23:45:37.431]    0.0 seconds: /home/slyedoc/code/p/ComfyUI/custom_nodes/comfyui-easy-use
[2025-03-27 23:45:37.431]    0.2 seconds: /home/slyedoc/code/p/ComfyUI/custom_nodes/ComfyUI-Impact-Subpack
[2025-03-27 23:45:37.431]    0.5 seconds: /home/slyedoc/code/p/ComfyUI/custom_nodes/ComfyUI-Hunyuan3DWrapper
[2025-03-27 23:45:37.431]    0.8 seconds: /home/slyedoc/code/p/ComfyUI/custom_nodes/was-node-suite-comfyui
[2025-03-27 23:45:37.431] 
[2025-03-27 23:45:37.437] Starting server

[2025-03-27 23:45:37.437] To see the GUI go to: http://127.0.0.1:8188
[2025-03-27 23:45:39.567] FETCH ComfyRegistry Data: 5/79
[2025-03-27 23:45:42.823] FETCH ComfyRegistry Data: 10/79
[2025-03-27 23:45:46.866] FETCH ComfyRegistry Data: 15/79
[2025-03-27 23:45:50.133] FETCH ComfyRegistry Data: 20/79
[2025-03-27 23:45:53.395] FETCH ComfyRegistry Data: 25/79
[2025-03-27 23:45:56.670] FETCH ComfyRegistry Data: 30/79
[2025-03-27 23:45:59.919] FETCH ComfyRegistry Data: 35/79
[2025-03-27 23:46:03.176] FETCH ComfyRegistry Data: 40/79
[2025-03-27 23:46:06.463] FETCH ComfyRegistry Data: 45/79
[2025-03-27 23:46:09.767] FETCH ComfyRegistry Data: 50/79
[2025-03-27 23:46:13.097] FETCH ComfyRegistry Data: 55/79
[2025-03-27 23:46:16.430] FETCH ComfyRegistry Data: 60/79
[2025-03-27 23:46:19.757] FETCH ComfyRegistry Data: 65/79
[2025-03-27 23:46:23.140] FETCH ComfyRegistry Data: 70/79
[2025-03-27 23:46:26.463] FETCH ComfyRegistry Data: 75/79
[2025-03-27 23:46:29.639] FETCH ComfyRegistry Data [DONE]
[2025-03-27 23:46:29.686] [ComfyUI-Manager] default cache updated: https://api.comfy.org/nodes
[2025-03-27 23:46:29.692] FETCH DATA from: https://raw.githubusercontent.com/ltdrdata/ComfyUI-Manager/main/custom-node-list.json [DONE]
[2025-03-27 23:46:29.782] [ComfyUI-Manager] All startup tasks have been completed.
[2025-03-28 00:40:10.492] got prompt
[2025-03-28 00:40:10.549] got prompt
[2025-03-28 00:40:10.594] got prompt
[2025-03-28 00:40:10.595] got prompt
[2025-03-28 00:40:10.596] got prompt
[2025-03-28 00:40:10.597] got prompt
[2025-03-28 00:40:10.598] got prompt
[2025-03-28 00:40:10.599] got prompt
[2025-03-28 00:40:10.600] got prompt
[2025-03-28 00:40:10.602] got prompt
[2025-03-28 00:40:10.603] got prompt
[2025-03-28 00:40:10.604] got prompt
[2025-03-28 00:40:10.605] got prompt
[2025-03-28 00:40:10.609] got prompt
[2025-03-28 00:40:10.610] got prompt
[2025-03-28 00:40:10.611] got prompt
[2025-03-28 00:40:10.612] got prompt
[2025-03-28 00:40:10.612] got prompt
[2025-03-28 00:40:10.613] got prompt
[2025-03-28 00:40:10.613] got prompt
[2025-03-28 00:40:10.626] got prompt
[2025-03-28 00:40:10.627] got prompt
[2025-03-28 00:40:10.627] got prompt
[2025-03-28 00:40:10.628] got prompt
[2025-03-28 00:40:10.629] got prompt
[2025-03-28 00:40:10.676] got prompt
[2025-03-28 00:40:10.679] got prompt
[2025-03-28 00:40:10.680] got prompt
[2025-03-28 00:40:10.681] got prompt
[2025-03-28 00:40:10.683] got prompt
[2025-03-28 00:40:10.684] got prompt
[2025-03-28 00:40:10.922] got prompt
[2025-03-28 00:40:10.923] got prompt
[2025-03-28 00:40:10.925] got prompt
[2025-03-28 00:40:10.933] got prompt
[2025-03-28 00:40:10.934] got prompt
[2025-03-28 00:40:10.939] got prompt
[2025-03-28 00:40:10.939] got prompt
[2025-03-28 00:40:10.940] got prompt
[2025-03-28 00:40:10.942] got prompt
[2025-03-28 00:40:10.945] got prompt
[2025-03-28 00:40:10.946] got prompt
[2025-03-28 00:40:10.947] got prompt
[2025-03-28 00:40:10.947] got prompt
[2025-03-28 00:40:10.947] got prompt
[2025-03-28 00:40:10.948] got prompt
[2025-03-28 00:40:10.948] got prompt
[2025-03-28 00:40:10.948] got prompt
[2025-03-28 00:40:10.949] got prompt
[2025-03-28 00:40:10.949] got prompt
[2025-03-28 00:40:10.949] got prompt
[2025-03-28 00:40:10.950] got prompt
[2025-03-28 00:40:10.951] got prompt
[2025-03-28 00:40:10.952] got prompt
[2025-03-28 00:40:10.952] got prompt
[2025-03-28 00:40:10.953] got prompt
[2025-03-28 00:40:10.953] got prompt
[2025-03-28 00:40:10.954] got prompt
[2025-03-28 00:40:10.954] got prompt
[2025-03-28 00:40:11.005] model weight dtype torch.float16, manual cast: None
[2025-03-28 00:40:11.006] model_type EPS
[2025-03-28 00:40:11.006] adm 2816
[2025-03-28 00:40:11.523] got prompt
[2025-03-28 00:40:11.524] got prompt
[2025-03-28 00:40:11.524] got prompt
[2025-03-28 00:40:11.525] got prompt
[2025-03-28 00:40:11.525] got prompt
[2025-03-28 00:40:11.525] got prompt
[2025-03-28 00:40:11.526] got prompt
[2025-03-28 00:40:11.526] got prompt
[2025-03-28 00:40:11.526] got prompt
[2025-03-28 00:40:11.527] got prompt
[2025-03-28 00:40:11.527] got prompt
[2025-03-28 00:40:11.527] got prompt
[2025-03-28 00:40:11.528] got prompt
[2025-03-28 00:40:11.528] got prompt
[2025-03-28 00:40:11.528] got prompt
[2025-03-28 00:40:11.529] got prompt
[2025-03-28 00:40:11.529] got prompt
[2025-03-28 00:40:11.529] got prompt
[2025-03-28 00:40:11.529] got prompt
[2025-03-28 00:40:11.530] got prompt
[2025-03-28 00:40:11.531] got prompt
[2025-03-28 00:40:11.531] got prompt
[2025-03-28 00:40:11.531] got prompt
[2025-03-28 00:40:11.532] got prompt
[2025-03-28 00:40:11.532] got prompt
[2025-03-28 00:40:11.532] got prompt
[2025-03-28 00:40:11.535] got prompt
[2025-03-28 00:40:11.535] got prompt
[2025-03-28 00:40:11.536] got prompt
[2025-03-28 00:40:11.536] got prompt
[2025-03-28 00:40:11.536] got prompt
[2025-03-28 00:40:11.537] got prompt
[2025-03-28 00:40:11.537] got prompt
[2025-03-28 00:40:11.537] got prompt
[2025-03-28 00:40:11.538] got prompt
[2025-03-28 00:40:11.538] got prompt
[2025-03-28 00:40:11.538] got prompt
[2025-03-28 00:40:11.538] got prompt
[2025-03-28 00:40:11.539] got prompt
[2025-03-28 00:40:11.539] got prompt
[2025-03-28 00:40:11.539] got prompt
[2025-03-28 00:40:11.540] got prompt
[2025-03-28 00:40:11.540] got prompt
[2025-03-28 00:40:11.540] got prompt
[2025-03-28 00:40:11.541] got prompt
[2025-03-28 00:40:11.544] got prompt
[2025-03-28 00:40:11.544] got prompt
[2025-03-28 00:40:11.545] got prompt
[2025-03-28 00:40:11.545] got prompt
[2025-03-28 00:40:11.545] got prompt
[2025-03-28 00:40:11.546] got prompt
[2025-03-28 00:40:11.546] got prompt
[2025-03-28 00:40:11.546] got prompt
[2025-03-28 00:40:11.547] got prompt
[2025-03-28 00:40:11.551] got prompt
[2025-03-28 00:40:11.552] got prompt
[2025-03-28 00:40:11.552] got prompt
[2025-03-28 00:40:11.552] got prompt
[2025-03-28 00:40:11.553] got prompt
[2025-03-28 00:40:11.553] got prompt
[2025-03-28 00:40:11.553] got prompt
[2025-03-28 00:40:11.554] got prompt
[2025-03-28 00:40:11.554] got prompt
[2025-03-28 00:40:11.555] got prompt
[2025-03-28 00:40:11.555] got prompt
[2025-03-28 00:40:11.559] got prompt
[2025-03-28 00:40:11.559] got prompt
[2025-03-28 00:40:11.559] got prompt
[2025-03-28 00:40:11.560] got prompt
[2025-03-28 00:40:11.560] got prompt
[2025-03-28 00:40:11.561] got prompt
[2025-03-28 00:40:11.561] got prompt
[2025-03-28 00:40:11.561] got prompt
[2025-03-28 00:40:11.562] got prompt
[2025-03-28 00:40:11.564] got prompt
[2025-03-28 00:40:11.564] got prompt
[2025-03-28 00:40:11.565] got prompt
[2025-03-28 00:40:11.565] got prompt
[2025-03-28 00:40:11.566] got prompt
[2025-03-28 00:40:11.566] got prompt
[2025-03-28 00:40:11.566] got prompt
[2025-03-28 00:40:11.567] got prompt
[2025-03-28 00:40:11.570] got prompt
[2025-03-28 00:40:11.570] got prompt
[2025-03-28 00:40:11.571] got prompt
[2025-03-28 00:40:11.571] got prompt
[2025-03-28 00:40:11.572] got prompt
[2025-03-28 00:40:11.572] got prompt
[2025-03-28 00:40:11.572] got prompt
[2025-03-28 00:40:11.573] got prompt
[2025-03-28 00:40:11.573] got prompt
[2025-03-28 00:40:11.573] got prompt
[2025-03-28 00:40:11.574] got prompt
[2025-03-28 00:40:11.575] got prompt
[2025-03-28 00:40:11.576] got prompt
[2025-03-28 00:40:11.576] got prompt
[2025-03-28 00:40:11.577] got prompt
[2025-03-28 00:40:11.577] got prompt
[2025-03-28 00:40:11.578] got prompt
[2025-03-28 00:40:11.578] got prompt
[2025-03-28 00:40:11.579] got prompt
[2025-03-28 00:40:11.580] got prompt
[2025-03-28 00:40:11.580] got prompt
[2025-03-28 00:40:11.581] got prompt
[2025-03-28 00:40:11.582] got prompt
[2025-03-28 00:40:11.582] got prompt
[2025-03-28 00:40:11.583] got prompt
[2025-03-28 00:40:11.583] got prompt
[2025-03-28 00:40:11.584] got prompt
[2025-03-28 00:40:11.586] got prompt
[2025-03-28 00:40:11.587] got prompt
[2025-03-28 00:40:11.588] got prompt
[2025-03-28 00:40:11.588] got prompt
[2025-03-28 00:40:11.589] got prompt
[2025-03-28 00:40:11.592] got prompt
[2025-03-28 00:40:11.594] got prompt
[2025-03-28 00:40:11.595] got prompt
[2025-03-28 00:40:11.595] got prompt
[2025-03-28 00:40:11.596] got prompt
[2025-03-28 00:40:11.597] got prompt
[2025-03-28 00:40:11.599] got prompt
[2025-03-28 00:40:11.603] got prompt
[2025-03-28 00:40:11.605] got prompt
[2025-03-28 00:40:11.606] got prompt
[2025-03-28 00:40:11.606] got prompt
[2025-03-28 00:40:11.607] got prompt
[2025-03-28 00:40:11.609] got prompt
[2025-03-28 00:40:12.792] got prompt
[2025-03-28 00:40:12.794] got prompt
[2025-03-28 00:40:12.795] got prompt
[2025-03-28 00:40:12.795] got prompt
[2025-03-28 00:40:12.796] got prompt
[2025-03-28 00:40:12.796] got prompt
[2025-03-28 00:40:12.796] got prompt
[2025-03-28 00:40:12.797] got prompt
[2025-03-28 00:40:12.797] got prompt
[2025-03-28 00:40:12.798] got prompt
[2025-03-28 00:40:12.798] got prompt
[2025-03-28 00:40:12.799] got prompt
[2025-03-28 00:40:12.799] got prompt
[2025-03-28 00:40:12.800] got prompt
[2025-03-28 00:40:12.800] got prompt
[2025-03-28 00:40:12.800] got prompt
[2025-03-28 00:40:12.801] got prompt
[2025-03-28 00:40:12.801] got prompt
[2025-03-28 00:40:12.802] got prompt
[2025-03-28 00:40:12.803] got prompt
[2025-03-28 00:40:12.803] got prompt
[2025-03-28 00:40:12.804] got prompt
[2025-03-28 00:40:12.804] got prompt
[2025-03-28 00:40:12.805] got prompt
[2025-03-28 00:40:12.805] got prompt
[2025-03-28 00:40:12.806] got prompt
[2025-03-28 00:40:12.806] got prompt
[2025-03-28 00:40:12.807] got prompt
[2025-03-28 00:40:12.807] got prompt
[2025-03-28 00:40:12.808] got prompt
[2025-03-28 00:40:12.808] got prompt
[2025-03-28 00:40:12.808] got prompt
[2025-03-28 00:40:12.809] got prompt
[2025-03-28 00:40:12.809] got prompt
[2025-03-28 00:40:12.809] got prompt
[2025-03-28 00:40:12.810] got prompt
[2025-03-28 00:40:12.811] got prompt
[2025-03-28 00:40:12.811] got prompt
[2025-03-28 00:40:12.811] got prompt
[2025-03-28 00:40:12.812] got prompt
[2025-03-28 00:40:12.813] got prompt
[2025-03-28 00:40:12.813] got prompt
[2025-03-28 00:40:12.814] got prompt
[2025-03-28 00:40:12.814] got prompt
[2025-03-28 00:40:12.814] got prompt
[2025-03-28 00:40:12.814] got prompt
[2025-03-28 00:40:12.814] got prompt
[2025-03-28 00:40:12.815] got prompt
[2025-03-28 00:40:15.049] got prompt
[2025-03-28 00:40:15.049] got prompt
[2025-03-28 00:40:15.050] got prompt
[2025-03-28 00:40:15.050] got prompt
[2025-03-28 00:40:15.050] got prompt
[2025-03-28 00:40:15.051] got prompt
[2025-03-28 00:40:15.051] got prompt
[2025-03-28 00:40:15.055] got prompt
[2025-03-28 00:40:15.056] got prompt
[2025-03-28 00:40:15.056] got prompt
[2025-03-28 00:40:15.056] got prompt
[2025-03-28 00:40:15.056] got prompt
[2025-03-28 00:40:15.057] got prompt
[2025-03-28 00:40:15.057] got prompt
[2025-03-28 00:40:15.058] got prompt
[2025-03-28 00:40:15.058] got prompt
[2025-03-28 00:40:15.060] got prompt
[2025-03-28 00:40:15.063] got prompt
[2025-03-28 00:40:15.063] got prompt
[2025-03-28 00:40:15.064] got prompt
[2025-03-28 00:40:15.064] got prompt
[2025-03-28 00:40:15.065] got prompt
[2025-03-28 00:40:15.065] got prompt
[2025-03-28 00:40:15.066] got prompt
[2025-03-28 00:40:15.066] got prompt
[2025-03-28 00:40:15.068] got prompt
[2025-03-28 00:40:15.069] got prompt
[2025-03-28 00:40:15.071] got prompt
[2025-03-28 00:40:15.072] got prompt
[2025-03-28 00:40:15.072] got prompt
[2025-03-28 00:40:15.073] got prompt
[2025-03-28 00:40:15.073] got prompt
[2025-03-28 00:40:15.073] got prompt
[2025-03-28 00:40:15.074] got prompt
[2025-03-28 00:40:15.077] got prompt
[2025-03-28 00:40:15.078] got prompt
[2025-03-28 00:40:15.078] got prompt
[2025-03-28 00:40:15.078] got prompt
[2025-03-28 00:40:15.078] got prompt
[2025-03-28 00:40:15.079] got prompt
[2025-03-28 00:40:15.080] got prompt
[2025-03-28 00:40:15.080] got prompt
[2025-03-28 00:40:15.080] got prompt
[2025-03-28 00:40:15.081] got prompt
[2025-03-28 00:40:15.081] got prompt
[2025-03-28 00:40:15.083] got prompt
[2025-03-28 00:40:15.084] got prompt
[2025-03-28 00:40:15.084] got prompt
[2025-03-28 00:40:15.085] got prompt
[2025-03-28 00:40:15.085] got prompt
[2025-03-28 00:40:15.086] got prompt
[2025-03-28 00:40:15.086] got prompt
[2025-03-28 00:40:15.088] got prompt
[2025-03-28 00:40:15.088] got prompt
[2025-03-28 00:40:15.089] got prompt
[2025-03-28 00:40:15.090] got prompt
[2025-03-28 00:40:15.091] got prompt
[2025-03-28 00:40:15.091] got prompt
[2025-03-28 00:40:15.092] got prompt
[2025-03-28 00:40:15.092] got prompt
[2025-03-28 00:40:15.092] got prompt
[2025-03-28 00:40:15.093] got prompt
[2025-03-28 00:40:15.093] got prompt
[2025-03-28 00:40:15.094] got prompt
[2025-03-28 00:40:15.094] got prompt
[2025-03-28 00:40:15.094] got prompt
[2025-03-28 00:40:15.095] got prompt
[2025-03-28 00:40:15.096] got prompt
[2025-03-28 00:40:15.096] got prompt
[2025-03-28 00:40:15.097] got prompt
[2025-03-28 00:40:15.097] got prompt
[2025-03-28 00:40:15.098] got prompt
[2025-03-28 00:40:15.098] got prompt
[2025-03-28 00:40:15.098] got prompt
[2025-03-28 00:40:15.099] got prompt
[2025-03-28 00:40:15.099] got prompt
[2025-03-28 00:40:15.100] got prompt
[2025-03-28 00:40:15.100] got prompt
[2025-03-28 00:40:15.100] got prompt
[2025-03-28 00:40:15.101] got prompt
[2025-03-28 00:40:15.101] got prompt
[2025-03-28 00:40:15.102] got prompt
[2025-03-28 00:40:15.102] got prompt
[2025-03-28 00:40:15.103] got prompt
[2025-03-28 00:40:15.103] got prompt
[2025-03-28 00:40:15.103] got prompt
[2025-03-28 00:40:15.104] got prompt
[2025-03-28 00:40:15.104] got prompt
[2025-03-28 00:40:15.104] got prompt
[2025-03-28 00:40:15.104] got prompt
[2025-03-28 00:40:15.105] got prompt
[2025-03-28 00:40:15.105] got prompt
[2025-03-28 00:40:15.105] got prompt
[2025-03-28 00:40:15.106] got prompt
[2025-03-28 00:40:15.106] got prompt
[2025-03-28 00:40:15.106] got prompt
[2025-03-28 00:40:15.106] got prompt
[2025-03-28 00:40:15.107] got prompt
[2025-03-28 00:40:15.107] got prompt
[2025-03-28 00:40:15.108] got prompt
[2025-03-28 00:40:15.109] got prompt
[2025-03-28 00:40:15.109] got prompt
[2025-03-28 00:40:15.109] got prompt
[2025-03-28 00:40:15.110] got prompt
[2025-03-28 00:40:15.110] got prompt
[2025-03-28 00:40:15.110] got prompt
[2025-03-28 00:40:15.111] got prompt
[2025-03-28 00:40:15.111] got prompt
[2025-03-28 00:40:15.111] got prompt
[2025-03-28 00:40:15.111] got prompt
[2025-03-28 00:40:15.112] got prompt
[2025-03-28 00:40:15.112] got prompt
[2025-03-28 00:40:15.112] got prompt
[2025-03-28 00:40:15.112] got prompt
[2025-03-28 00:40:15.113] got prompt
[2025-03-28 00:40:15.113] got prompt
[2025-03-28 00:40:15.113] got prompt
[2025-03-28 00:40:15.115] got prompt
[2025-03-28 00:40:15.115] got prompt
[2025-03-28 00:40:15.116] got prompt
[2025-03-28 00:40:15.116] got prompt
[2025-03-28 00:40:15.118] got prompt
[2025-03-28 00:40:15.118] got prompt
[2025-03-28 00:40:15.118] got prompt
[2025-03-28 00:40:15.119] got prompt
[2025-03-28 00:40:15.119] got prompt
[2025-03-28 00:40:15.121] got prompt
[2025-03-28 00:40:18.959] got prompt
[2025-03-28 00:40:18.960] got prompt
[2025-03-28 00:40:18.964] got prompt
[2025-03-28 00:40:18.964] got prompt
[2025-03-28 00:40:18.964] got prompt
[2025-03-28 00:40:18.965] got prompt
[2025-03-28 00:40:18.965] got prompt
[2025-03-28 00:40:18.965] got prompt
[2025-03-28 00:40:18.965] got prompt
[2025-03-28 00:40:18.966] got prompt
[2025-03-28 00:40:18.966] got prompt
[2025-03-28 00:40:18.966] got prompt
[2025-03-28 00:40:18.969] got prompt
[2025-03-28 00:40:18.974] got prompt
[2025-03-28 00:40:18.975] got prompt
[2025-03-28 00:40:18.975] got prompt
[2025-03-28 00:40:18.975] got prompt
[2025-03-28 00:40:18.975] got prompt
[2025-03-28 00:40:18.975] got prompt
[2025-03-28 00:40:18.976] got prompt
[2025-03-28 00:40:18.976] got prompt
[2025-03-28 00:40:18.976] got prompt
[2025-03-28 00:40:18.978] got prompt
[2025-03-28 00:40:18.979] got prompt
[2025-03-28 00:40:18.982] got prompt
[2025-03-28 00:40:18.983] got prompt
[2025-03-28 00:40:18.983] got prompt
[2025-03-28 00:40:18.983] got prompt
[2025-03-28 00:40:18.983] got prompt
[2025-03-28 00:40:18.983] got prompt
[2025-03-28 00:40:18.984] got prompt
[2025-03-28 00:40:18.984] got prompt
[2025-03-28 00:40:18.984] got prompt
[2025-03-28 00:40:18.984] got prompt
[2025-03-28 00:40:18.984] got prompt
[2025-03-28 00:40:18.985] got prompt
[2025-03-28 00:40:18.985] got prompt
[2025-03-28 00:40:18.985] got prompt
[2025-03-28 00:40:18.989] got prompt
[2025-03-28 00:40:18.989] got prompt
[2025-03-28 00:40:18.990] got prompt
[2025-03-28 00:40:18.990] got prompt
[2025-03-28 00:40:18.990] got prompt
[2025-03-28 00:40:18.990] got prompt
[2025-03-28 00:40:18.990] got prompt
[2025-03-28 00:40:18.991] got prompt
[2025-03-28 00:40:18.991] got prompt
[2025-03-28 00:40:18.991] got prompt
[2025-03-28 00:40:18.991] got prompt
[2025-03-28 00:40:18.991] got prompt
[2025-03-28 00:40:18.991] got prompt
[2025-03-28 00:40:18.992] got prompt
[2025-03-28 00:40:18.992] got prompt
[2025-03-28 00:40:18.992] got prompt
[2025-03-28 00:40:18.992] got prompt
[2025-03-28 00:40:18.992] got prompt
[2025-03-28 00:40:18.993] got prompt
[2025-03-28 00:40:18.993] got prompt
[2025-03-28 00:40:18.993] got prompt
[2025-03-28 00:40:18.997] got prompt
[2025-03-28 00:40:18.997] got prompt
[2025-03-28 00:40:18.998] got prompt
[2025-03-28 00:40:18.998] got prompt
[2025-03-28 00:40:18.998] got prompt
[2025-03-28 00:40:18.998] got prompt
[2025-03-28 00:40:18.999] got prompt
[2025-03-28 00:40:18.999] got prompt
[2025-03-28 00:40:18.999] got prompt
[2025-03-28 00:40:18.999] got prompt
[2025-03-28 00:40:18.999] got prompt
[2025-03-28 00:40:19.000] got prompt
[2025-03-28 00:40:19.000] got prompt
[2025-03-28 00:40:19.000] got prompt
[2025-03-28 00:40:19.000] got prompt
[2025-03-28 00:40:19.001] got prompt
[2025-03-28 00:40:19.001] got prompt
[2025-03-28 00:40:19.004] got prompt
[2025-03-28 00:40:19.004] got prompt
[2025-03-28 00:40:19.005] got prompt
[2025-03-28 00:40:19.005] got prompt
[2025-03-28 00:40:19.005] got prompt
[2025-03-28 00:40:19.005] got prompt
[2025-03-28 00:40:19.006] got prompt
[2025-03-28 00:40:19.006] got prompt
[2025-03-28 00:40:19.006] got prompt
[2025-03-28 00:40:19.007] got prompt
[2025-03-28 00:40:19.007] got prompt
[2025-03-28 00:40:19.007] got prompt
[2025-03-28 00:40:19.008] got prompt
[2025-03-28 00:40:19.008] got prompt
[2025-03-28 00:40:19.008] got prompt
[2025-03-28 00:40:19.008] got prompt
[2025-03-28 00:40:19.009] got prompt
[2025-03-28 00:40:19.009] got prompt
[2025-03-28 00:40:19.009] got prompt
[2025-03-28 00:40:19.010] got prompt
[2025-03-28 00:40:19.010] got prompt
[2025-03-28 00:40:19.010] got prompt
[2025-03-28 00:40:19.011] got prompt
[2025-03-28 00:40:19.011] got prompt
[2025-03-28 00:40:19.011] got prompt
[2025-03-28 00:40:19.014] got prompt
[2025-03-28 00:40:19.014] got prompt
[2025-03-28 00:40:19.022] got prompt
[2025-03-28 00:40:19.022] got prompt
[2025-03-28 00:40:19.023] got prompt
[2025-03-28 00:40:19.023] got prompt
[2025-03-28 00:40:19.024] got prompt
[2025-03-28 00:40:19.024] got prompt
[2025-03-28 00:40:19.025] got prompt
[2025-03-28 00:40:19.025] got prompt
[2025-03-28 00:40:19.026] got prompt
[2025-03-28 00:40:19.026] got prompt
[2025-03-28 00:40:19.027] got prompt
[2025-03-28 00:40:19.027] got prompt
[2025-03-28 00:40:19.028] got prompt
[2025-03-28 00:40:19.028] got prompt
[2025-03-28 00:40:19.028] got prompt
[2025-03-28 00:40:19.029] got prompt
[2025-03-28 00:40:19.029] got prompt
[2025-03-28 00:40:19.033] got prompt
[2025-03-28 00:40:19.033] got prompt
[2025-03-28 00:40:19.034] got prompt
[2025-03-28 00:40:19.034] got prompt
[2025-03-28 00:40:19.034] got prompt
[2025-03-28 00:40:19.035] got prompt
[2025-03-28 00:40:19.036] got prompt
[2025-03-28 00:40:19.036] got prompt
[2025-03-28 00:40:19.036] got prompt
[2025-03-28 00:40:19.037] got prompt
[2025-03-28 00:40:19.037] got prompt
[2025-03-28 00:40:19.039] got prompt
[2025-03-28 00:40:19.039] got prompt
[2025-03-28 00:40:19.039] got prompt
[2025-03-28 00:40:19.040] got prompt
[2025-03-28 00:40:19.041] got prompt
[2025-03-28 00:40:19.041] got prompt
[2025-03-28 00:40:19.042] got prompt
[2025-03-28 00:40:19.042] got prompt
[2025-03-28 00:40:19.043] got prompt
[2025-03-28 00:40:19.043] got prompt
[2025-03-28 00:40:19.044] got prompt
[2025-03-28 00:40:19.045] got prompt
[2025-03-28 00:40:19.046] got prompt
[2025-03-28 00:40:19.046] got prompt
[2025-03-28 00:40:19.046] got prompt
[2025-03-28 00:40:19.047] got prompt
[2025-03-28 00:40:19.047] got prompt
[2025-03-28 00:40:19.047] got prompt
[2025-03-28 00:40:19.047] got prompt
[2025-03-28 00:40:19.048] got prompt
[2025-03-28 00:40:19.048] got prompt
[2025-03-28 00:40:19.053] got prompt
[2025-03-28 00:40:19.053] got prompt
[2025-03-28 00:40:19.053] got prompt
[2025-03-28 00:40:19.053] got prompt
[2025-03-28 00:40:19.056] got prompt
[2025-03-28 00:40:19.056] got prompt
[2025-03-28 00:40:19.056] got prompt
[2025-03-28 00:40:19.057] got prompt
[2025-03-28 00:40:19.058] got prompt
[2025-03-28 00:40:19.059] got prompt
[2025-03-28 00:40:19.060] got prompt
[2025-03-28 00:40:19.066] got prompt
[2025-03-28 00:40:19.066] got prompt
[2025-03-28 00:40:19.066] got prompt
[2025-03-28 00:40:19.067] got prompt
[2025-03-28 00:40:19.067] got prompt
[2025-03-28 00:40:19.067] got prompt
[2025-03-28 00:40:19.068] got prompt
[2025-03-28 00:40:19.068] got prompt
[2025-03-28 00:40:19.068] got prompt
[2025-03-28 00:40:19.071] got prompt
[2025-03-28 00:40:19.071] got prompt
[2025-03-28 00:40:19.073] got prompt
[2025-03-28 00:40:19.073] got prompt
[2025-03-28 00:40:19.073] got prompt
[2025-03-28 00:40:19.075] got prompt
[2025-03-28 00:40:19.076] got prompt
[2025-03-28 00:40:19.077] got prompt
[2025-03-28 00:40:19.077] got prompt
[2025-03-28 00:40:19.080] got prompt
[2025-03-28 00:40:19.081] got prompt
[2025-03-28 00:40:19.081] got prompt
[2025-03-28 00:40:19.081] got prompt
[2025-03-28 00:40:19.082] got prompt
[2025-03-28 00:40:19.082] got prompt
[2025-03-28 00:40:19.082] got prompt
[2025-03-28 00:40:19.083] got prompt
[2025-03-28 00:40:19.086] got prompt
[2025-03-28 00:40:19.086] got prompt
[2025-03-28 00:40:19.087] got prompt
[2025-03-28 00:40:19.087] got prompt
[2025-03-28 00:40:19.087] got prompt
[2025-03-28 00:40:19.088] got prompt
[2025-03-28 00:40:19.088] got prompt
[2025-03-28 00:40:19.088] got prompt
[2025-03-28 00:40:19.088] got prompt
[2025-03-28 00:40:19.089] got prompt
[2025-03-28 00:40:19.089] got prompt
[2025-03-28 00:40:19.090] got prompt
[2025-03-28 00:40:19.090] got prompt
[2025-03-28 00:40:19.091] got prompt
[2025-03-28 00:40:19.092] got prompt
[2025-03-28 00:40:19.092] got prompt
[2025-03-28 00:40:19.092] got prompt
[2025-03-28 00:40:19.093] got prompt
[2025-03-28 00:40:19.095] got prompt
[2025-03-28 00:40:19.096] got prompt
[2025-03-28 00:40:19.096] got prompt
[2025-03-28 00:40:19.096] got prompt
[2025-03-28 00:40:19.096] got prompt
[2025-03-28 00:40:19.097] got prompt
[2025-03-28 00:40:19.098] got prompt
[2025-03-28 00:40:19.098] got prompt
[2025-03-28 00:40:19.099] got prompt
[2025-03-28 00:40:19.101] got prompt
[2025-03-28 00:40:19.101] got prompt
[2025-03-28 00:40:19.102] got prompt
[2025-03-28 00:40:19.103] got prompt
[2025-03-28 00:40:19.104] got prompt
[2025-03-28 00:40:19.104] got prompt
[2025-03-28 00:40:19.105] got prompt
[2025-03-28 00:40:19.105] got prompt
[2025-03-28 00:40:19.106] got prompt
[2025-03-28 00:40:21.712] got prompt
[2025-03-28 00:40:21.713] got prompt
[2025-03-28 00:40:21.713] got prompt
[2025-03-28 00:40:21.713] got prompt
[2025-03-28 00:40:21.714] got prompt
[2025-03-28 00:40:21.714] got prompt
[2025-03-28 00:40:21.715] got prompt
[2025-03-28 00:40:21.716] got prompt
[2025-03-28 00:40:21.720] got prompt
[2025-03-28 00:40:21.721] got prompt
[2025-03-28 00:40:21.721] got prompt
[2025-03-28 00:40:21.722] got prompt
[2025-03-28 00:40:21.723] got prompt
[2025-03-28 00:40:21.723] got prompt
[2025-03-28 00:40:21.723] got prompt
[2025-03-28 00:40:21.724] got prompt
[2025-03-28 00:40:21.724] got prompt
[2025-03-28 00:40:21.724] got prompt
[2025-03-28 00:40:21.725] got prompt
[2025-03-28 00:40:21.725] got prompt
[2025-03-28 00:40:21.726] got prompt
[2025-03-28 00:40:21.727] got prompt
[2025-03-28 00:40:21.727] got prompt
[2025-03-28 00:40:21.728] got prompt
[2025-03-28 00:40:21.729] got prompt
[2025-03-28 00:40:21.729] got prompt
[2025-03-28 00:40:21.730] got prompt
[2025-03-28 00:40:21.730] got prompt
[2025-03-28 00:40:21.731] got prompt
[2025-03-28 00:40:21.732] got prompt
[2025-03-28 00:40:21.732] got prompt
[2025-03-28 00:40:21.733] got prompt
[2025-03-28 00:40:21.733] got prompt
[2025-03-28 00:40:21.733] got prompt
[2025-03-28 00:40:21.737] got prompt
[2025-03-28 00:40:21.737] got prompt
[2025-03-28 00:40:21.738] got prompt
[2025-03-28 00:40:21.738] got prompt
[2025-03-28 00:40:21.738] got prompt
[2025-03-28 00:40:21.739] got prompt
[2025-03-28 00:40:21.739] got prompt
[2025-03-28 00:40:21.740] got prompt
[2025-03-28 00:40:21.740] got prompt
[2025-03-28 00:40:21.740] got prompt
[2025-03-28 00:40:21.741] got prompt
[2025-03-28 00:40:21.742] got prompt
[2025-03-28 00:40:21.742] got prompt
[2025-03-28 00:40:21.743] got prompt
[2025-03-28 00:40:21.744] got prompt
[2025-03-28 00:40:21.744] got prompt
[2025-03-28 00:40:21.745] got prompt
[2025-03-28 00:40:21.745] got prompt
[2025-03-28 00:40:21.746] got prompt
[2025-03-28 00:40:21.746] got prompt
[2025-03-28 00:40:21.746] got prompt
[2025-03-28 00:40:21.747] got prompt
[2025-03-28 00:40:21.748] got prompt
[2025-03-28 00:40:21.748] got prompt
[2025-03-28 00:40:21.749] got prompt
[2025-03-28 00:40:21.749] got prompt
[2025-03-28 00:40:21.752] got prompt
[2025-03-28 00:40:21.752] got prompt
[2025-03-28 00:40:21.753] got prompt
[2025-03-28 00:40:21.753] got prompt
[2025-03-28 00:40:21.754] got prompt
[2025-03-28 00:40:21.754] got prompt
[2025-03-28 00:40:21.755] got prompt
[2025-03-28 00:40:21.755] got prompt
[2025-03-28 00:40:21.756] got prompt
[2025-03-28 00:40:21.757] got prompt
[2025-03-28 00:40:21.757] got prompt
[2025-03-28 00:40:21.758] got prompt
[2025-03-28 00:40:21.759] got prompt
[2025-03-28 00:40:21.759] got prompt
[2025-03-28 00:40:21.760] got prompt
[2025-03-28 00:40:21.760] got prompt
[2025-03-28 00:40:21.761] got prompt
[2025-03-28 00:40:21.761] got prompt
[2025-03-28 00:40:21.762] got prompt
[2025-03-28 00:40:21.762] got prompt
[2025-03-28 00:40:21.763] got prompt
[2025-03-28 00:40:21.763] got prompt
[2025-03-28 00:40:21.764] got prompt
[2025-03-28 00:40:21.764] got prompt
[2025-03-28 00:40:21.765] got prompt
[2025-03-28 00:40:21.765] got prompt
[2025-03-28 00:40:21.766] got prompt
[2025-03-28 00:40:21.766] got prompt
[2025-03-28 00:40:21.767] got prompt
[2025-03-28 00:40:21.767] got prompt
[2025-03-28 00:40:21.768] got prompt
[2025-03-28 00:40:21.768] got prompt
[2025-03-28 00:40:21.768] got prompt
[2025-03-28 00:40:21.769] got prompt
[2025-03-28 00:40:21.770] got prompt
[2025-03-28 00:40:21.770] got prompt
[2025-03-28 00:40:22.900] Using xformers attention in VAE
[2025-03-28 00:40:22.901] Working with z of shape (1, 4, 32, 32) = 4096 dimensions.
[2025-03-28 00:40:22.902] Using xformers attention in VAE
[2025-03-28 00:40:23.008] 
Stopped server
