Popen(['git', 'version'], cwd=/home/slyedoc/code/p/blackbird, stdin=None, shell=False, universal_newlines=False)
[2025-03-27 23:38:51.254] Popen(['git', 'version'], cwd=/home/slyedoc/code/p/blackbird, stdin=None, shell=False, universal_newlines=False)
## ComfyUI-Manager: installing dependencies done.
[2025-03-27 23:38:51.257] ** ComfyUI startup time: 2025-03-27 23:38:51.257
[2025-03-27 23:38:51.257] ** Platform: Linux
[2025-03-27 23:38:51.257] ** Python version: 3.12.3 (main, Feb  4 2025, 14:48:35) [GCC 13.3.0]
[2025-03-27 23:38:51.257] ** Python executable: /home/slyedoc/code/p/ComfyUI/.venv/bin/python
[2025-03-27 23:38:51.257] ** ComfyUI Path: /home/slyedoc/code/p/ComfyUI
[2025-03-27 23:38:51.257] ** ComfyUI Base Folder Path: /home/slyedoc/code/p/ComfyUI
[2025-03-27 23:38:51.258] ** User directory: /home/slyedoc/code/p/blackbird/art/user
[2025-03-27 23:38:51.258] ** ComfyUI-Manager config path: /home/slyedoc/code/p/blackbird/art/user/default/ComfyUI-Manager/config.ini
[2025-03-27 23:38:51.258] ** Log path: /home/slyedoc/code/p/blackbird/art/user/comfyui.log
[2025-03-27 23:38:51.939] 
Prestartup times for custom nodes:
[2025-03-27 23:38:51.939]    0.0 seconds: /home/slyedoc/code/p/ComfyUI/custom_nodes/rgthree-comfy
[2025-03-27 23:38:51.939]    0.0 seconds: /home/slyedoc/code/p/ComfyUI/custom_nodes/comfyui-easy-use
[2025-03-27 23:38:51.939]    1.3 seconds: /home/slyedoc/code/p/ComfyUI/custom_nodes/comfyui-manager
[2025-03-27 23:38:51.939] 
[2025-03-27 23:38:52.584] Checkpoint files will always be loaded safely.
[2025-03-27 23:38:52.822] Total VRAM 10821 MB, total RAM 64080 MB
[2025-03-27 23:38:52.822] pytorch version: 2.6.0+cu124
[2025-03-27 23:38:53.343] xformers version: 0.0.29.post2
[2025-03-27 23:38:53.343] Set vram state to: LOW_VRAM
[2025-03-27 23:38:53.343] Device: cuda:0 NVIDIA GeForce RTX 2080 Ti : cudaMallocAsync
[2025-03-27 23:38:53.462] Using xformers attention
[2025-03-27 23:38:53.746] ComfyUI version: 0.3.26
[2025-03-27 23:38:53.747] Using selector: EpollSelector
[2025-03-27 23:38:53.748] ComfyUI frontend version: 1.12.14
[2025-03-27 23:38:53.749] [Prompt Server] web root: /home/slyedoc/code/p/ComfyUI/.venv/lib/python3.12/site-packages/comfyui_frontend_package/static
[2025-03-27 23:38:53.749] Trying to load custom node /home/slyedoc/code/p/ComfyUI/comfy_extras/nodes_latent.py
[2025-03-27 23:38:53.749] Trying to load custom node /home/slyedoc/code/p/ComfyUI/comfy_extras/nodes_hypernetwork.py
[2025-03-27 23:38:53.749] Trying to load custom node /home/slyedoc/code/p/ComfyUI/comfy_extras/nodes_upscale_model.py
[2025-03-27 23:38:53.769] Trying to load custom node /home/slyedoc/code/p/ComfyUI/comfy_extras/nodes_post_processing.py
[2025-03-27 23:38:53.770] Trying to load custom node /home/slyedoc/code/p/ComfyUI/comfy_extras/nodes_mask.py
[2025-03-27 23:38:53.770] Trying to load custom node /home/slyedoc/code/p/ComfyUI/comfy_extras/nodes_compositing.py
[2025-03-27 23:38:53.770] Trying to load custom node /home/slyedoc/code/p/ComfyUI/comfy_extras/nodes_rebatch.py
[2025-03-27 23:38:53.770] Trying to load custom node /home/slyedoc/code/p/ComfyUI/comfy_extras/nodes_model_merging.py
[2025-03-27 23:38:53.770] Trying to load custom node /home/slyedoc/code/p/ComfyUI/comfy_extras/nodes_tomesd.py
[2025-03-27 23:38:53.770] Trying to load custom node /home/slyedoc/code/p/ComfyUI/comfy_extras/nodes_clip_sdxl.py
[2025-03-27 23:38:53.771] Trying to load custom node /home/slyedoc/code/p/ComfyUI/comfy_extras/nodes_canny.py
[2025-03-27 23:38:53.909] Trying to load custom node /home/slyedoc/code/p/ComfyUI/comfy_extras/nodes_freelunch.py
[2025-03-27 23:38:53.909] Trying to load custom node /home/slyedoc/code/p/ComfyUI/comfy_extras/nodes_custom_sampler.py
[2025-03-27 23:38:53.909] Trying to load custom node /home/slyedoc/code/p/ComfyUI/comfy_extras/nodes_hypertile.py
[2025-03-27 23:38:53.909] Trying to load custom node /home/slyedoc/code/p/ComfyUI/comfy_extras/nodes_model_advanced.py
[2025-03-27 23:38:53.910] Trying to load custom node /home/slyedoc/code/p/ComfyUI/comfy_extras/nodes_model_downscale.py
[2025-03-27 23:38:53.910] Trying to load custom node /home/slyedoc/code/p/ComfyUI/comfy_extras/nodes_images.py
[2025-03-27 23:38:53.910] Trying to load custom node /home/slyedoc/code/p/ComfyUI/comfy_extras/nodes_video_model.py
[2025-03-27 23:38:53.910] Trying to load custom node /home/slyedoc/code/p/ComfyUI/comfy_extras/nodes_sag.py
[2025-03-27 23:38:53.910] Trying to load custom node /home/slyedoc/code/p/ComfyUI/comfy_extras/nodes_perpneg.py
[2025-03-27 23:38:53.910] Trying to load custom node /home/slyedoc/code/p/ComfyUI/comfy_extras/nodes_stable3d.py
[2025-03-27 23:38:53.910] Trying to load custom node /home/slyedoc/code/p/ComfyUI/comfy_extras/nodes_sdupscale.py
[2025-03-27 23:38:53.910] Trying to load custom node /home/slyedoc/code/p/ComfyUI/comfy_extras/nodes_photomaker.py
[2025-03-27 23:38:53.911] Trying to load custom node /home/slyedoc/code/p/ComfyUI/comfy_extras/nodes_pixart.py
[2025-03-27 23:38:53.911] Trying to load custom node /home/slyedoc/code/p/ComfyUI/comfy_extras/nodes_cond.py
[2025-03-27 23:38:53.911] Trying to load custom node /home/slyedoc/code/p/ComfyUI/comfy_extras/nodes_morphology.py
[2025-03-27 23:38:53.911] Trying to load custom node /home/slyedoc/code/p/ComfyUI/comfy_extras/nodes_stable_cascade.py
[2025-03-27 23:38:53.911] Trying to load custom node /home/slyedoc/code/p/ComfyUI/comfy_extras/nodes_differential_diffusion.py
[2025-03-27 23:38:53.911] Trying to load custom node /home/slyedoc/code/p/ComfyUI/comfy_extras/nodes_ip2p.py
[2025-03-27 23:38:53.911] Trying to load custom node /home/slyedoc/code/p/ComfyUI/comfy_extras/nodes_model_merging_model_specific.py
[2025-03-27 23:38:53.911] Trying to load custom node /home/slyedoc/code/p/ComfyUI/comfy_extras/nodes_pag.py
[2025-03-27 23:38:53.911] Trying to load custom node /home/slyedoc/code/p/ComfyUI/comfy_extras/nodes_align_your_steps.py
[2025-03-27 23:38:53.911] Trying to load custom node /home/slyedoc/code/p/ComfyUI/comfy_extras/nodes_attention_multiply.py
[2025-03-27 23:38:53.911] Trying to load custom node /home/slyedoc/code/p/ComfyUI/comfy_extras/nodes_advanced_samplers.py
[2025-03-27 23:38:53.911] Trying to load custom node /home/slyedoc/code/p/ComfyUI/comfy_extras/nodes_webcam.py
[2025-03-27 23:38:53.912] Trying to load custom node /home/slyedoc/code/p/ComfyUI/comfy_extras/nodes_audio.py
[2025-03-27 23:38:53.918] Loading FFmpeg6
[2025-03-27 23:38:53.964] Successfully loaded FFmpeg6
[2025-03-27 23:38:53.977] Trying to load custom node /home/slyedoc/code/p/ComfyUI/comfy_extras/nodes_sd3.py
[2025-03-27 23:38:53.977] Trying to load custom node /home/slyedoc/code/p/ComfyUI/comfy_extras/nodes_gits.py
[2025-03-27 23:38:53.978] Trying to load custom node /home/slyedoc/code/p/ComfyUI/comfy_extras/nodes_controlnet.py
[2025-03-27 23:38:53.978] Trying to load custom node /home/slyedoc/code/p/ComfyUI/comfy_extras/nodes_hunyuan.py
[2025-03-27 23:38:53.978] Trying to load custom node /home/slyedoc/code/p/ComfyUI/comfy_extras/nodes_flux.py
[2025-03-27 23:38:53.978] Trying to load custom node /home/slyedoc/code/p/ComfyUI/comfy_extras/nodes_lora_extract.py
[2025-03-27 23:38:53.978] Trying to load custom node /home/slyedoc/code/p/ComfyUI/comfy_extras/nodes_torch_compile.py
[2025-03-27 23:38:53.978] Trying to load custom node /home/slyedoc/code/p/ComfyUI/comfy_extras/nodes_mochi.py
[2025-03-27 23:38:53.978] Trying to load custom node /home/slyedoc/code/p/ComfyUI/comfy_extras/nodes_slg.py
[2025-03-27 23:38:53.978] Trying to load custom node /home/slyedoc/code/p/ComfyUI/comfy_extras/nodes_mahiro.py
[2025-03-27 23:38:53.979] Trying to load custom node /home/slyedoc/code/p/ComfyUI/comfy_extras/nodes_lt.py
[2025-03-27 23:38:53.979] Trying to load custom node /home/slyedoc/code/p/ComfyUI/comfy_extras/nodes_hooks.py
[2025-03-27 23:38:53.979] Trying to load custom node /home/slyedoc/code/p/ComfyUI/comfy_extras/nodes_load_3d.py
[2025-03-27 23:38:53.979] Trying to load custom node /home/slyedoc/code/p/ComfyUI/comfy_extras/nodes_cosmos.py
[2025-03-27 23:38:53.979] Trying to load custom node /home/slyedoc/code/p/ComfyUI/comfy_extras/nodes_video.py
[2025-03-27 23:38:53.979] Trying to load custom node /home/slyedoc/code/p/ComfyUI/comfy_extras/nodes_lumina2.py
[2025-03-27 23:38:53.979] Trying to load custom node /home/slyedoc/code/p/ComfyUI/comfy_extras/nodes_wan.py
[2025-03-27 23:38:53.980] Trying to load custom node /home/slyedoc/code/p/ComfyUI/custom_nodes/ComfyUI-Hunyuan3DWrapper
[2025-03-27 23:38:54.462] Trying to load custom node /home/slyedoc/code/p/ComfyUI/custom_nodes/rgthree-comfy
[2025-03-27 23:38:54.463] recursive file list on directory /home/slyedoc/code/p/ComfyUI/models/checkpoints
[2025-03-27 23:38:54.464] found 10 files
[2025-03-27 23:38:54.465] 
[2025-03-27 23:38:54.466] [92m[rgthree-comfy] Loaded 42 epic nodes. 🎉[00m
[2025-03-27 23:38:54.466] 
[2025-03-27 23:38:54.466] Trying to load custom node /home/slyedoc/code/p/ComfyUI/custom_nodes/comfyui-easy-use
[2025-03-27 23:38:54.493] recursive file list on directory /home/slyedoc/code/p/ComfyUI/models/loras
[2025-03-27 23:38:54.493] found 6 files
[2025-03-27 23:38:54.493] recursive file list on directory /home/slyedoc/code/p/ComfyUI/models/vae
[2025-03-27 23:38:54.493] found 4 files
[2025-03-27 23:38:54.496] Popen(['git', 'rev-list', 'HEAD', '--'], cwd=/home/slyedoc/code/p/ComfyUI, stdin=None, shell=False, universal_newlines=False)
[2025-03-27 23:38:54.515] [34m[ComfyUI-Easy-Use] server: [0mv1.2.8 [92mLoaded[0m
[2025-03-27 23:38:54.515] [34m[ComfyUI-Easy-Use] web root: [0m/home/slyedoc/code/p/ComfyUI/custom_nodes/comfyui-easy-use/web_version/v2 [92mLoaded[0m
[2025-03-27 23:38:54.516] Trying to load custom node /home/slyedoc/code/p/ComfyUI/custom_nodes/comfyui-impact-pack
[2025-03-27 23:38:54.517] ### Loading: ComfyUI-Impact-Pack (V8.10)
[2025-03-27 23:38:54.537] [Impact Pack] Wildcards loading done.
[2025-03-27 23:38:54.538] Trying to load custom node /home/slyedoc/code/p/ComfyUI/custom_nodes/comfyui-manager
[2025-03-27 23:38:54.540] ### Loading: ComfyUI-Manager (V3.31.8)
[2025-03-27 23:38:54.540] [ComfyUI-Manager] network_mode: public
[2025-03-27 23:38:54.540] Popen(['git', 'rev-list', 'HEAD', '--'], cwd=/home/slyedoc/code/p/ComfyUI, stdin=None, shell=False, universal_newlines=False)
[2025-03-27 23:38:54.555] Popen(['git', 'cat-file', '--batch-check'], cwd=/home/slyedoc/code/p/ComfyUI, stdin=<valid stream>, shell=False, universal_newlines=False)
[2025-03-27 23:38:54.556] Popen(['git', 'cat-file', '--batch'], cwd=/home/slyedoc/code/p/ComfyUI, stdin=<valid stream>, shell=False, universal_newlines=False)
[2025-03-27 23:38:54.557] Popen(['git', 'describe', '--tags'], cwd=/home/slyedoc/code/p/ComfyUI, stdin=None, shell=False, universal_newlines=False)
[2025-03-27 23:38:54.562] ### ComfyUI Version: v0.2.2-624-g3b19fc76 | Released on '2025-03-18'
[2025-03-27 23:38:54.569] Using selector: EpollSelector
[2025-03-27 23:38:54.571] Trying to load custom node /home/slyedoc/code/p/ComfyUI/custom_nodes/websocket_image_save.py
[2025-03-27 23:38:54.572] Trying to load custom node /home/slyedoc/code/p/ComfyUI/custom_nodes/ComfyUI-MVAdapter
[2025-03-27 23:38:54.607] Trying to load custom node /home/slyedoc/code/p/ComfyUI/custom_nodes/ComfyUI-Impact-Subpack
[2025-03-27 23:38:54.607] ### Loading: ComfyUI-Impact-Subpack (V1.2.9)
[2025-03-27 23:38:54.632] matplotlib data path: /home/slyedoc/code/p/ComfyUI/.venv/lib/python3.12/site-packages/matplotlib/mpl-data
[2025-03-27 23:38:54.634] CONFIGDIR=/home/slyedoc/.config/matplotlib
[2025-03-27 23:38:54.635] interactive is False
[2025-03-27 23:38:54.635] platform is linux
[2025-03-27 23:38:54.658] CACHEDIR=/home/slyedoc/.cache/matplotlib
[2025-03-27 23:38:54.660] Using fontManager instance from /home/slyedoc/.cache/matplotlib/fontlist-v390.json
[2025-03-27 23:38:54.706] [ComfyUI-Manager] default cache updated: https://raw.githubusercontent.com/ltdrdata/ComfyUI-Manager/main/model-list.json
[2025-03-27 23:38:54.707] [ComfyUI-Manager] default cache updated: https://raw.githubusercontent.com/ltdrdata/ComfyUI-Manager/main/alter-list.json
[2025-03-27 23:38:54.718] [ComfyUI-Manager] default cache updated: https://raw.githubusercontent.com/ltdrdata/ComfyUI-Manager/main/github-stats.json
[2025-03-27 23:38:54.775] [ComfyUI-Manager] default cache updated: https://raw.githubusercontent.com/ltdrdata/ComfyUI-Manager/main/custom-node-list.json
[2025-03-27 23:38:54.784] [ComfyUI-Manager] default cache updated: https://raw.githubusercontent.com/ltdrdata/ComfyUI-Manager/main/extension-node-map.json
[2025-03-27 23:38:54.787] Popen(['git', 'describe', '--tags'], cwd=/home/slyedoc/code/p/ComfyUI, stdin=None, shell=False, universal_newlines=False)
[2025-03-27 23:38:54.804] [Impact Subpack] ultralytics_bbox: /home/slyedoc/code/p/ComfyUI/models/ultralytics/bbox
[2025-03-27 23:38:54.804] [Impact Subpack] ultralytics_segm: /home/slyedoc/code/p/ComfyUI/models/ultralytics/segm
[2025-03-27 23:38:54.804] Trying to load custom node /home/slyedoc/code/p/ComfyUI/custom_nodes/comfyui-fitsize
[2025-03-27 23:38:54.804] Trying to load custom node /home/slyedoc/code/p/ComfyUI/custom_nodes/ComfyUI-KJNodes
[2025-03-27 23:38:54.807] Total VRAM 10821 MB, total RAM 64080 MB
[2025-03-27 23:38:54.807] pytorch version: 2.6.0+cu124
[2025-03-27 23:38:54.807] xformers version: 0.0.29.post2
[2025-03-27 23:38:54.807] Set vram state to: LOW_VRAM
[2025-03-27 23:38:54.807] Device: cuda:0 NVIDIA GeForce RTX 2080 Ti : cudaMallocAsync
[2025-03-27 23:38:54.810] Trying to load custom node /home/slyedoc/code/p/ComfyUI/custom_nodes/was-node-suite-comfyui
[2025-03-27 23:38:55.284] [34mWAS Node Suite: [0mOpenCV Python FFMPEG support is enabled[0m
[2025-03-27 23:38:55.284] [34mWAS Node Suite [93mWarning: [0m`ffmpeg_bin_path` is not set in `/home/slyedoc/code/p/ComfyUI/custom_nodes/was-node-suite-comfyui/was_suite_config.json` config file. Will attempt to use system ffmpeg binaries if available.[0m
[2025-03-27 23:38:55.563] [34mWAS Node Suite: [0mFinished.[0m [32mLoaded[0m [0m220[0m [32mnodes successfully.[0m
[2025-03-27 23:38:55.564] 
	[3m[93m"The only person you should try to be better than is the person you were yesterday."[0m[3m - Unknown[0m
[2025-03-27 23:38:55.564] 
[2025-03-27 23:38:55.564] Trying to load custom node /home/slyedoc/code/p/ComfyUI/custom_nodes/comfyui-mxtoolkit
[2025-03-27 23:38:55.564] Trying to load custom node /home/slyedoc/code/p/ComfyUI/custom_nodes/comfyui-detail-daemon
[2025-03-27 23:38:55.565] Trying to load custom node /home/slyedoc/code/p/ComfyUI/custom_nodes/ComfyUI_essentials
[2025-03-27 23:38:55.567] Trying to load custom node /home/slyedoc/code/p/ComfyUI/custom_nodes/ComfyUI_Comfyroll_CustomNodes
[2025-03-27 23:38:55.568] recursive file list on directory /home/slyedoc/code/p/ComfyUI/models/controlnet
[2025-03-27 23:38:55.568] found 2 files
[2025-03-27 23:38:55.573] ------------------------------------------
[2025-03-27 23:38:55.573] [34mComfyroll Studio v1.76 : [92m 175 Nodes Loaded[0m
[2025-03-27 23:38:55.573] ------------------------------------------
[2025-03-27 23:38:55.573] ** For changes, please see patch notes at https://github.com/Suzie1/ComfyUI_Comfyroll_CustomNodes/blob/main/Patch_Notes.md
[2025-03-27 23:38:55.573] ** For help, please see the wiki at https://github.com/Suzie1/ComfyUI_Comfyroll_CustomNodes/wiki
[2025-03-27 23:38:55.573] ------------------------------------------
[2025-03-27 23:38:55.573] Trying to load custom node /home/slyedoc/code/p/ComfyUI/custom_nodes/comfyui-tooling-nodes
[2025-03-27 23:38:55.575] 
Import times for custom nodes:
[2025-03-27 23:38:55.575]    0.0 seconds: /home/slyedoc/code/p/ComfyUI/custom_nodes/comfyui-mxtoolkit
[2025-03-27 23:38:55.575]    0.0 seconds: /home/slyedoc/code/p/ComfyUI/custom_nodes/comfyui-detail-daemon
[2025-03-27 23:38:55.575]    0.0 seconds: /home/slyedoc/code/p/ComfyUI/custom_nodes/comfyui-fitsize
[2025-03-27 23:38:55.575]    0.0 seconds: /home/slyedoc/code/p/ComfyUI/custom_nodes/websocket_image_save.py
[2025-03-27 23:38:55.575]    0.0 seconds: /home/slyedoc/code/p/ComfyUI/custom_nodes/comfyui-tooling-nodes
[2025-03-27 23:38:55.575]    0.0 seconds: /home/slyedoc/code/p/ComfyUI/custom_nodes/ComfyUI_essentials
[2025-03-27 23:38:55.575]    0.0 seconds: /home/slyedoc/code/p/ComfyUI/custom_nodes/rgthree-comfy
[2025-03-27 23:38:55.575]    0.0 seconds: /home/slyedoc/code/p/ComfyUI/custom_nodes/ComfyUI-KJNodes
[2025-03-27 23:38:55.575]    0.0 seconds: /home/slyedoc/code/p/ComfyUI/custom_nodes/ComfyUI_Comfyroll_CustomNodes
[2025-03-27 23:38:55.575]    0.0 seconds: /home/slyedoc/code/p/ComfyUI/custom_nodes/comfyui-impact-pack
[2025-03-27 23:38:55.575]    0.0 seconds: /home/slyedoc/code/p/ComfyUI/custom_nodes/comfyui-manager
[2025-03-27 23:38:55.575]    0.0 seconds: /home/slyedoc/code/p/ComfyUI/custom_nodes/ComfyUI-MVAdapter
[2025-03-27 23:38:55.575]    0.1 seconds: /home/slyedoc/code/p/ComfyUI/custom_nodes/comfyui-easy-use
[2025-03-27 23:38:55.575]    0.2 seconds: /home/slyedoc/code/p/ComfyUI/custom_nodes/ComfyUI-Impact-Subpack
[2025-03-27 23:38:55.575]    0.5 seconds: /home/slyedoc/code/p/ComfyUI/custom_nodes/ComfyUI-Hunyuan3DWrapper
[2025-03-27 23:38:55.575]    0.8 seconds: /home/slyedoc/code/p/ComfyUI/custom_nodes/was-node-suite-comfyui
[2025-03-27 23:38:55.575] 
[2025-03-27 23:38:55.581] Starting server

[2025-03-27 23:38:55.581] To see the GUI go to: http://127.0.0.1:8188
[2025-03-27 23:38:57.790] FETCH ComfyRegistry Data: 5/79
